生成启动时间为 2017-09-26 14:47:07。
     1>项目“D:\tao\C++\ST_PTTClient\ST_PTTClient\ST_PTTClient.vcxproj”在节点 2 上(build 个目标)。
     1>InitializeBuildStatus:
         正在创建“Debug\ST_PTTClient.unsuccessfulbuild”，因为已指定“AlwaysCreate”。
       ClCompile:
         所有输出均为最新。
         D:\Microsoft Visual Studio 10.0\VC\bin\CL.exe /c /ZI /nologo /W3 /WX- /Od /Oy- /D WIN32 /D _WINDOWS /D _DEBUG /D _UNICODE /D UNICODE /D _AFXDLL /Gm /EHsc /RTC1 /MDd /GS /fp:precise /Zc:wchar_t /Zc:forScope /Yu"StdAfx.h" /Fp"Debug\ST_PTTClient.pch" /Fo"Debug\\" /Fd"Debug\vc100.pdb" /Gd /TP /analyze- /errorReport:prompt ST_PTTClient.cpp ST_PTTClientDlg.cpp
         正在跳过...(未检测到相关更改)
         ST_PTTClientDlg.cpp
         ST_PTTClient.cpp
       ResourceCompile:
         C:\Program Files (x86)\Microsoft SDKs\Windows\v7.0A\bin\rc.exe /D _DEBUG /D _UNICODE /D UNICODE /D _AFXDLL /l"0x0804" /IDebug\ /nologo /fo"Debug\ST_PTTClient.res" ST_PTTClient.rc 
       ManifestResourceCompile:
         所有输出均为最新。
       Link:
         D:\Microsoft Visual Studio 10.0\VC\bin\link.exe /ERRORREPORT:PROMPT /OUT:"D:\tao\C++\ST_PTTClient\Debug\ST_PTTClient.exe" /INCREMENTAL /NOLOGO /MANIFEST /ManifestFile:"Debug\ST_PTTClient.exe.intermediate.manifest" /MANIFESTUAC:"level='asInvoker' uiAccess='false'" /DEBUG /PDB:"D:\tao\C++\ST_PTTClient\Debug\ST_PTTClient.pdb" /SUBSYSTEM:WINDOWS /TLBID:1 /ENTRY:"wWinMainCRTStartup" /DYNAMICBASE /NXCOMPAT /IMPLIB:"D:\tao\C++\ST_PTTClient\Debug\ST_PTTClient.lib" /MACHINE:X86 Debug\ST_PTTClient.res
         Debug\ST_PTTClient.exe.embed.manifest.res
         Debug\stdafx.obj
         Debug\ST_PTTClient.obj
         Debug\ST_PTTClientDlg.obj
       Manifest:
         C:\Program Files (x86)\Microsoft SDKs\Windows\v7.0A\bin\mt.exe /nologo /verbose /out:"Debug\ST_PTTClient.exe.embed.manifest" /manifest Debug\ST_PTTClient.exe.intermediate.manifest "D:\Microsoft Visual Studio 10.0\VC\Include\Manifest\dpiaware.manifest"
         所有输出均为最新。
       LinkEmbedManifest:
         所有输出均为最新。
         ST_PTTClient.vcxproj -> D:\tao\C++\ST_PTTClient\Debug\ST_PTTClient.exe
       FinalizeBuildStatus:
         正在删除文件“Debug\ST_PTTClient.unsuccessfulbuild”。
         正在对“Debug\ST_PTTClient.lastbuildstate”执行 Touch 任务。
     1>已完成生成项目“D:\tao\C++\ST_PTTClient\ST_PTTClient\ST_PTTClient.vcxproj”(build 个目标)的操作。

生成成功。

已用时间 00:00:00.24
